<?xml version="1.0" encoding="UTF-8"?>
<!-- Generated by org.testng.reporters.JUnitXMLReporter -->
<testsuite ignored="0" hostname="DESKTOP-1OTRTVE" failures="1" tests="1" name="Test" time="24.56" errors="0" timestamp="2025-09-04T14:46:25 IST">
  <testcase classname="testcases.KVRRegistrationTest" name="Registration" time="13.029">
    <failure type="java.lang.AssertionError" message="expected [true] but found [false]">
      <![CDATA[java.lang.AssertionError: expected [true] but found [false]
at testcases.KVRRegistrationTest.Registration(KVRRegistrationTest.java:48)
at java.base/java.util.ArrayList.forEach(ArrayList.java:1596)
... Removed 29 stack frames]]>
    </failure>
  </testcase> <!-- Registration -->
</testsuite> <!-- Test -->
